2015-03-06 17:15:07 INFO  ContextLoader:273 - Root WebApplicationContext: initialization started
2015-03-06 17:15:07 INFO  XmlWebApplicationContext:495 - Refreshing Root WebApplicationContext: startup date [Fri Mar 06 17:15:07 GST 2015]; root of context hierarchy
2015-03-06 17:15:07 INFO  XmlBeanDefinitionReader:315 - Loading XML bean definitions from file [C:\Users\dolly\workspace1\voyage\target\classes\db.xml]
2015-03-06 17:15:07 INFO  XmlBeanDefinitionReader:315 - Loading XML bean definitions from file [C:\Users\dolly\workspace1\voyage\target\classes\mvc-context.xml]
2015-03-06 17:15:08 INFO  PropertySourcesPlaceholderConfigurer:177 - Loading properties file from class path resource [application.properties]
2015-03-06 17:15:08 INFO  PropertySourcesPlaceholderConfigurer:177 - Loading properties file from class path resource [db.config.properties]
2015-03-06 17:15:08 INFO  PropertySourcesPlaceholderConfigurer:177 - Loading properties file from class path resource [player.properties]
2015-03-06 17:15:08 INFO  DefaultListableBeanFactory:557 - Pre-instantiating singletons in org.springframework.beans.factory.support.DefaultListableBeanFactory@59fc7921: defining beans [dataSource,sessionFactory,hibernateTemplate,org.springframework.context.annotation.internalConfigurationAnnotationProcessor,org.springframework.context.annotation.internalAutowiredAnnotationProcessor,org.springframework.context.annotation.internalRequiredAnnotationProcessor,org.springframework.context.annotation.internalCommonAnnotationProcessor,org.springframework.context.annotation.internalPersistenceAnnotationProcessor,voyageMaster,dataService,voyageService,org.springframework.context.support.PropertySourcesPlaceholderConfigurer#0,org.springframework.web.servlet.mvc.method.annotation.RequestMappingHandlerMapping#0,org.springframework.format.support.FormattingConversionServiceFactoryBean#0,org.springframework.web.servlet.mvc.method.annotation.RequestMappingHandlerAdapter#0,org.springframework.web.servlet.handler.MappedInterceptor#0,org.springframework.web.servlet.mvc.method.annotation.ExceptionHandlerExceptionResolver#0,org.springframework.web.servlet.mvc.annotation.ResponseStatusExceptionResolver#0,org.springframework.web.servlet.mvc.support.DefaultHandlerExceptionResolver#0,org.springframework.web.servlet.handler.BeanNameUrlHandlerMapping,org.springframework.web.servlet.mvc.HttpRequestHandlerAdapter,org.springframework.web.servlet.mvc.SimpleControllerHandlerAdapter,org.springframework.web.servlet.resource.ResourceHttpRequestHandler#0,org.springframework.web.servlet.handler.SimpleUrlHandlerMapping#0,viewResolver,org.springframework.web.servlet.view.ContentNegotiatingViewResolver#0,org.springframework.context.annotation.ConfigurationClassPostProcessor$ImportAwareBeanPostProcessor#0]; root of factory hierarchy
2015-03-06 17:15:09 INFO  AnnotationSessionFactoryBean:777 - Building new Hibernate SessionFactory
2015-03-06 17:15:12 INFO  RequestMappingHandlerMapping:190 - Mapped "{[/],methods=[],params=[],headers=[],consumes=[],produces=[],custom=[]}" onto public org.springframework.web.servlet.ModelAndView com.ep360.controllers.VoyageMaster.getHomePage()
2015-03-06 17:15:12 INFO  RequestMappingHandlerMapping:190 - Mapped "{[/voyMaster],methods=[GET],params=[],headers=[],consumes=[],produces=[],custom=[]}" onto public java.util.List<com.ep360.data.models.VoyHeader> com.ep360.controllers.VoyageMaster.getVoyageMasterData()
2015-03-06 17:15:13 INFO  SimpleUrlHandlerMapping:314 - Mapped URL path [/static/**] onto handler 'org.springframework.web.servlet.resource.ResourceHttpRequestHandler#0'
2015-03-06 17:15:13 INFO  ContextLoader:302 - Root WebApplicationContext: initialization completed in 5739 ms
2015-03-06 17:17:58 INFO  ContextLoader:273 - Root WebApplicationContext: initialization started
2015-03-06 17:17:58 INFO  XmlWebApplicationContext:495 - Refreshing Root WebApplicationContext: startup date [Fri Mar 06 17:17:58 GST 2015]; root of context hierarchy
2015-03-06 17:17:58 INFO  XmlBeanDefinitionReader:315 - Loading XML bean definitions from file [C:\Users\dolly\workspace1\voyage\target\classes\db.xml]
2015-03-06 17:17:59 INFO  XmlBeanDefinitionReader:315 - Loading XML bean definitions from file [C:\Users\dolly\workspace1\voyage\target\classes\mvc-context.xml]
2015-03-06 17:17:59 INFO  PropertySourcesPlaceholderConfigurer:177 - Loading properties file from class path resource [application.properties]
2015-03-06 17:17:59 INFO  PropertySourcesPlaceholderConfigurer:177 - Loading properties file from class path resource [db.config.properties]
2015-03-06 17:17:59 INFO  PropertySourcesPlaceholderConfigurer:177 - Loading properties file from class path resource [player.properties]
2015-03-06 17:17:59 INFO  DefaultListableBeanFactory:557 - Pre-instantiating singletons in org.springframework.beans.factory.support.DefaultListableBeanFactory@6c5a12d5: defining beans [dataSource,sessionFactory,hibernateTemplate,org.springframework.context.annotation.internalConfigurationAnnotationProcessor,org.springframework.context.annotation.internalAutowiredAnnotationProcessor,org.springframework.context.annotation.internalRequiredAnnotationProcessor,org.springframework.context.annotation.internalCommonAnnotationProcessor,org.springframework.context.annotation.internalPersistenceAnnotationProcessor,voyageMaster,dataService,voyageService,org.springframework.context.support.PropertySourcesPlaceholderConfigurer#0,org.springframework.web.servlet.mvc.method.annotation.RequestMappingHandlerMapping#0,org.springframework.format.support.FormattingConversionServiceFactoryBean#0,org.springframework.web.servlet.mvc.method.annotation.RequestMappingHandlerAdapter#0,org.springframework.web.servlet.handler.MappedInterceptor#0,org.springframework.web.servlet.mvc.method.annotation.ExceptionHandlerExceptionResolver#0,org.springframework.web.servlet.mvc.annotation.ResponseStatusExceptionResolver#0,org.springframework.web.servlet.mvc.support.DefaultHandlerExceptionResolver#0,org.springframework.web.servlet.handler.BeanNameUrlHandlerMapping,org.springframework.web.servlet.mvc.HttpRequestHandlerAdapter,org.springframework.web.servlet.mvc.SimpleControllerHandlerAdapter,org.springframework.web.servlet.resource.ResourceHttpRequestHandler#0,org.springframework.web.servlet.handler.SimpleUrlHandlerMapping#0,viewResolver,org.springframework.web.servlet.view.ContentNegotiatingViewResolver#0,org.springframework.context.annotation.ConfigurationClassPostProcessor$ImportAwareBeanPostProcessor#0]; root of factory hierarchy
2015-03-06 17:18:00 INFO  AnnotationSessionFactoryBean:777 - Building new Hibernate SessionFactory
2015-03-06 17:18:01 INFO  RequestMappingHandlerMapping:190 - Mapped "{[/],methods=[],params=[],headers=[],consumes=[],produces=[],custom=[]}" onto public org.springframework.web.servlet.ModelAndView com.ep360.controllers.VoyageMaster.getHomePage()
2015-03-06 17:18:01 INFO  RequestMappingHandlerMapping:190 - Mapped "{[/voyMaster],methods=[GET],params=[],headers=[],consumes=[],produces=[],custom=[]}" onto public java.util.List<com.ep360.data.models.VoyHeader> com.ep360.controllers.VoyageMaster.getVoyageMasterData()
2015-03-06 17:18:02 INFO  SimpleUrlHandlerMapping:314 - Mapped URL path [/static/**] onto handler 'org.springframework.web.servlet.resource.ResourceHttpRequestHandler#0'
2015-03-06 17:18:02 INFO  ContextLoader:302 - Root WebApplicationContext: initialization completed in 3770 ms
2015-03-06 17:18:02 INFO  DispatcherServlet:444 - FrameworkServlet 'dispatcher': initialization started
2015-03-06 17:18:02 INFO  XmlWebApplicationContext:495 - Refreshing WebApplicationContext for namespace 'dispatcher-servlet': startup date [Fri Mar 06 17:18:02 GST 2015]; parent: Root WebApplicationContext
2015-03-06 17:18:02 INFO  XmlBeanDefinitionReader:315 - Loading XML bean definitions from class path resource [mvc-context.xml]
2015-03-06 17:18:02 INFO  PropertySourcesPlaceholderConfigurer:177 - Loading properties file from class path resource [application.properties]
2015-03-06 17:18:02 INFO  PropertySourcesPlaceholderConfigurer:177 - Loading properties file from class path resource [db.config.properties]
2015-03-06 17:18:02 INFO  PropertySourcesPlaceholderConfigurer:177 - Loading properties file from class path resource [player.properties]
2015-03-06 17:18:02 INFO  DefaultListableBeanFactory:557 - Pre-instantiating singletons in org.springframework.beans.factory.support.DefaultListableBeanFactory@9913b7a: defining beans [org.springframework.context.annotation.internalConfigurationAnnotationProcessor,org.springframework.context.annotation.internalAutowiredAnnotationProcessor,org.springframework.context.annotation.internalRequiredAnnotationProcessor,org.springframework.context.annotation.internalCommonAnnotationProcessor,org.springframework.context.annotation.internalPersistenceAnnotationProcessor,voyageMaster,dataService,voyageService,org.springframework.context.support.PropertySourcesPlaceholderConfigurer#0,org.springframework.web.servlet.mvc.method.annotation.RequestMappingHandlerMapping#0,org.springframework.format.support.FormattingConversionServiceFactoryBean#0,org.springframework.web.servlet.mvc.method.annotation.RequestMappingHandlerAdapter#0,org.springframework.web.servlet.handler.MappedInterceptor#0,org.springframework.web.servlet.mvc.method.annotation.ExceptionHandlerExceptionResolver#0,org.springframework.web.servlet.mvc.annotation.ResponseStatusExceptionResolver#0,org.springframework.web.servlet.mvc.support.DefaultHandlerExceptionResolver#0,org.springframework.web.servlet.handler.BeanNameUrlHandlerMapping,org.springframework.web.servlet.mvc.HttpRequestHandlerAdapter,org.springframework.web.servlet.mvc.SimpleControllerHandlerAdapter,org.springframework.web.servlet.resource.ResourceHttpRequestHandler#0,org.springframework.web.servlet.handler.SimpleUrlHandlerMapping#0,viewResolver,org.springframework.web.servlet.view.ContentNegotiatingViewResolver#0,org.springframework.context.annotation.ConfigurationClassPostProcessor$ImportAwareBeanPostProcessor#0]; parent: org.springframework.beans.factory.support.DefaultListableBeanFactory@6c5a12d5
2015-03-06 17:18:02 INFO  RequestMappingHandlerMapping:190 - Mapped "{[/],methods=[],params=[],headers=[],consumes=[],produces=[],custom=[]}" onto public org.springframework.web.servlet.ModelAndView com.ep360.controllers.VoyageMaster.getHomePage()
2015-03-06 17:18:02 INFO  RequestMappingHandlerMapping:190 - Mapped "{[/voyMaster],methods=[GET],params=[],headers=[],consumes=[],produces=[],custom=[]}" onto public java.util.List<com.ep360.data.models.VoyHeader> com.ep360.controllers.VoyageMaster.getVoyageMasterData()
2015-03-06 17:18:02 INFO  SimpleUrlHandlerMapping:314 - Mapped URL path [/static/**] onto handler 'org.springframework.web.servlet.resource.ResourceHttpRequestHandler#0'
2015-03-06 17:18:02 INFO  DispatcherServlet:463 - FrameworkServlet 'dispatcher': initialization completed in 275 ms
2015-03-06 17:20:44 INFO  XmlBeanDefinitionReader:315 - Loading XML bean definitions from class path resource [org/springframework/jdbc/support/sql-error-codes.xml]
2015-03-06 17:20:44 INFO  SQLErrorCodesFactory:126 - SQLErrorCodes loaded: [DB2, Derby, H2, HSQL, Informix, MS-SQL, MySQL, Oracle, PostgreSQL, Sybase]
2015-03-07 19:20:39 INFO  ContextLoader:273 - Root WebApplicationContext: initialization started
2015-03-07 19:20:39 INFO  XmlWebApplicationContext:495 - Refreshing Root WebApplicationContext: startup date [Sat Mar 07 19:20:39 GST 2015]; root of context hierarchy
2015-03-07 19:20:39 INFO  XmlBeanDefinitionReader:315 - Loading XML bean definitions from file [C:\Users\dolly\workspace1\voyage\target\classes\db.xml]
2015-03-07 19:20:40 INFO  XmlBeanDefinitionReader:315 - Loading XML bean definitions from file [C:\Users\dolly\workspace1\voyage\target\classes\mvc-context.xml]
2015-03-07 19:20:41 INFO  PropertySourcesPlaceholderConfigurer:177 - Loading properties file from class path resource [application.properties]
2015-03-07 19:20:41 INFO  PropertySourcesPlaceholderConfigurer:177 - Loading properties file from class path resource [db.config.properties]
2015-03-07 19:20:41 INFO  PropertySourcesPlaceholderConfigurer:177 - Loading properties file from class path resource [player.properties]
2015-03-07 19:20:41 INFO  DefaultListableBeanFactory:557 - Pre-instantiating singletons in org.springframework.beans.factory.support.DefaultListableBeanFactory@34c45a8d: defining beans [dataSource,sessionFactory,hibernateTemplate,org.springframework.context.annotation.internalConfigurationAnnotationProcessor,org.springframework.context.annotation.internalAutowiredAnnotationProcessor,org.springframework.context.annotation.internalRequiredAnnotationProcessor,org.springframework.context.annotation.internalCommonAnnotationProcessor,org.springframework.context.annotation.internalPersistenceAnnotationProcessor,voyageMaster,dataService,voyageService,org.springframework.context.support.PropertySourcesPlaceholderConfigurer#0,org.springframework.web.servlet.mvc.method.annotation.RequestMappingHandlerMapping#0,org.springframework.format.support.FormattingConversionServiceFactoryBean#0,org.springframework.web.servlet.mvc.method.annotation.RequestMappingHandlerAdapter#0,org.springframework.web.servlet.handler.MappedInterceptor#0,org.springframework.web.servlet.mvc.method.annotation.ExceptionHandlerExceptionResolver#0,org.springframework.web.servlet.mvc.annotation.ResponseStatusExceptionResolver#0,org.springframework.web.servlet.mvc.support.DefaultHandlerExceptionResolver#0,org.springframework.web.servlet.handler.BeanNameUrlHandlerMapping,org.springframework.web.servlet.mvc.HttpRequestHandlerAdapter,org.springframework.web.servlet.mvc.SimpleControllerHandlerAdapter,org.springframework.web.servlet.resource.ResourceHttpRequestHandler#0,org.springframework.web.servlet.handler.SimpleUrlHandlerMapping#0,viewResolver,org.springframework.web.servlet.view.ContentNegotiatingViewResolver#0,org.springframework.context.annotation.ConfigurationClassPostProcessor$ImportAwareBeanPostProcessor#0]; root of factory hierarchy
2015-03-07 19:20:42 INFO  AnnotationSessionFactoryBean:777 - Building new Hibernate SessionFactory
2015-03-07 19:20:43 INFO  RequestMappingHandlerMapping:190 - Mapped "{[/],methods=[],params=[],headers=[],consumes=[],produces=[],custom=[]}" onto public org.springframework.web.servlet.ModelAndView com.ep360.controllers.VoyageMaster.getHomePage()
2015-03-07 19:20:43 INFO  RequestMappingHandlerMapping:190 - Mapped "{[/voyHeader],methods=[GET],params=[],headers=[],consumes=[],produces=[],custom=[]}" onto public java.util.List<com.ep360.data.models.VoyHeader> com.ep360.controllers.VoyageMaster.getVoyageHeaderData()
2015-03-07 19:20:43 INFO  RequestMappingHandlerMapping:190 - Mapped "{[/vesselMaster],methods=[GET],params=[],headers=[],consumes=[],produces=[],custom=[]}" onto public java.util.List<com.ep360.data.models.VesselMaster> com.ep360.controllers.VoyageMaster.getVoyageMasterData()
2015-03-07 19:20:44 INFO  SimpleUrlHandlerMapping:314 - Mapped URL path [/static/**] onto handler 'org.springframework.web.servlet.resource.ResourceHttpRequestHandler#0'
2015-03-07 19:20:45 INFO  ContextLoader:302 - Root WebApplicationContext: initialization completed in 5787 ms
2015-03-07 19:20:45 INFO  DispatcherServlet:444 - FrameworkServlet 'dispatcher': initialization started
2015-03-07 19:20:45 INFO  XmlWebApplicationContext:495 - Refreshing WebApplicationContext for namespace 'dispatcher-servlet': startup date [Sat Mar 07 19:20:45 GST 2015]; parent: Root WebApplicationContext
2015-03-07 19:20:45 INFO  XmlBeanDefinitionReader:315 - Loading XML bean definitions from class path resource [mvc-context.xml]
2015-03-07 19:20:45 INFO  PropertySourcesPlaceholderConfigurer:177 - Loading properties file from class path resource [application.properties]
2015-03-07 19:20:45 INFO  PropertySourcesPlaceholderConfigurer:177 - Loading properties file from class path resource [db.config.properties]
2015-03-07 19:20:45 INFO  PropertySourcesPlaceholderConfigurer:177 - Loading properties file from class path resource [player.properties]
2015-03-07 19:20:45 INFO  DefaultListableBeanFactory:557 - Pre-instantiating singletons in org.springframework.beans.factory.support.DefaultListableBeanFactory@366597a1: defining beans [org.springframework.context.annotation.internalConfigurationAnnotationProcessor,org.springframework.context.annotation.internalAutowiredAnnotationProcessor,org.springframework.context.annotation.internalRequiredAnnotationProcessor,org.springframework.context.annotation.internalCommonAnnotationProcessor,org.springframework.context.annotation.internalPersistenceAnnotationProcessor,voyageMaster,dataService,voyageService,org.springframework.context.support.PropertySourcesPlaceholderConfigurer#0,org.springframework.web.servlet.mvc.method.annotation.RequestMappingHandlerMapping#0,org.springframework.format.support.FormattingConversionServiceFactoryBean#0,org.springframework.web.servlet.mvc.method.annotation.RequestMappingHandlerAdapter#0,org.springframework.web.servlet.handler.MappedInterceptor#0,org.springframework.web.servlet.mvc.method.annotation.ExceptionHandlerExceptionResolver#0,org.springframework.web.servlet.mvc.annotation.ResponseStatusExceptionResolver#0,org.springframework.web.servlet.mvc.support.DefaultHandlerExceptionResolver#0,org.springframework.web.servlet.handler.BeanNameUrlHandlerMapping,org.springframework.web.servlet.mvc.HttpRequestHandlerAdapter,org.springframework.web.servlet.mvc.SimpleControllerHandlerAdapter,org.springframework.web.servlet.resource.ResourceHttpRequestHandler#0,org.springframework.web.servlet.handler.SimpleUrlHandlerMapping#0,viewResolver,org.springframework.web.servlet.view.ContentNegotiatingViewResolver#0,org.springframework.context.annotation.ConfigurationClassPostProcessor$ImportAwareBeanPostProcessor#0]; parent: org.springframework.beans.factory.support.DefaultListableBeanFactory@34c45a8d
2015-03-07 19:20:45 INFO  RequestMappingHandlerMapping:190 - Mapped "{[/],methods=[],params=[],headers=[],consumes=[],produces=[],custom=[]}" onto public org.springframework.web.servlet.ModelAndView com.ep360.controllers.VoyageMaster.getHomePage()
2015-03-07 19:20:45 INFO  RequestMappingHandlerMapping:190 - Mapped "{[/voyHeader],methods=[GET],params=[],headers=[],consumes=[],produces=[],custom=[]}" onto public java.util.List<com.ep360.data.models.VoyHeader> com.ep360.controllers.VoyageMaster.getVoyageHeaderData()
2015-03-07 19:20:45 INFO  RequestMappingHandlerMapping:190 - Mapped "{[/vesselMaster],methods=[GET],params=[],headers=[],consumes=[],produces=[],custom=[]}" onto public java.util.List<com.ep360.data.models.VesselMaster> com.ep360.controllers.VoyageMaster.getVoyageMasterData()
2015-03-07 19:20:45 INFO  SimpleUrlHandlerMapping:314 - Mapped URL path [/static/**] onto handler 'org.springframework.web.servlet.resource.ResourceHttpRequestHandler#0'
2015-03-07 19:20:46 INFO  DispatcherServlet:463 - FrameworkServlet 'dispatcher': initialization completed in 354 ms
2015-03-07 19:29:19 INFO  ContextLoader:273 - Root WebApplicationContext: initialization started
2015-03-07 19:29:19 INFO  XmlWebApplicationContext:495 - Refreshing Root WebApplicationContext: startup date [Sat Mar 07 19:29:19 GST 2015]; root of context hierarchy
2015-03-07 19:29:19 INFO  XmlBeanDefinitionReader:315 - Loading XML bean definitions from file [C:\Users\dolly\workspace1\voyage\target\classes\db.xml]
2015-03-07 19:29:19 INFO  XmlBeanDefinitionReader:315 - Loading XML bean definitions from file [C:\Users\dolly\workspace1\voyage\target\classes\mvc-context.xml]
2015-03-07 19:29:20 INFO  PropertySourcesPlaceholderConfigurer:177 - Loading properties file from class path resource [application.properties]
2015-03-07 19:29:20 INFO  PropertySourcesPlaceholderConfigurer:177 - Loading properties file from class path resource [db.config.properties]
2015-03-07 19:29:20 INFO  PropertySourcesPlaceholderConfigurer:177 - Loading properties file from class path resource [player.properties]
2015-03-07 19:29:20 INFO  DefaultListableBeanFactory:557 - Pre-instantiating singletons in org.springframework.beans.factory.support.DefaultListableBeanFactory@52dec7eb: defining beans [dataSource,sessionFactory,hibernateTemplate,org.springframework.context.annotation.internalConfigurationAnnotationProcessor,org.springframework.context.annotation.internalAutowiredAnnotationProcessor,org.springframework.context.annotation.internalRequiredAnnotationProcessor,org.springframework.context.annotation.internalCommonAnnotationProcessor,org.springframework.context.annotation.internalPersistenceAnnotationProcessor,voyageMaster,dataService,voyageService,org.springframework.context.support.PropertySourcesPlaceholderConfigurer#0,org.springframework.web.servlet.mvc.method.annotation.RequestMappingHandlerMapping#0,org.springframework.format.support.FormattingConversionServiceFactoryBean#0,org.springframework.web.servlet.mvc.method.annotation.RequestMappingHandlerAdapter#0,org.springframework.web.servlet.handler.MappedInterceptor#0,org.springframework.web.servlet.mvc.method.annotation.ExceptionHandlerExceptionResolver#0,org.springframework.web.servlet.mvc.annotation.ResponseStatusExceptionResolver#0,org.springframework.web.servlet.mvc.support.DefaultHandlerExceptionResolver#0,org.springframework.web.servlet.handler.BeanNameUrlHandlerMapping,org.springframework.web.servlet.mvc.HttpRequestHandlerAdapter,org.springframework.web.servlet.mvc.SimpleControllerHandlerAdapter,org.springframework.web.servlet.resource.ResourceHttpRequestHandler#0,org.springframework.web.servlet.handler.SimpleUrlHandlerMapping#0,viewResolver,org.springframework.web.servlet.view.ContentNegotiatingViewResolver#0,org.springframework.context.annotation.ConfigurationClassPostProcessor$ImportAwareBeanPostProcessor#0]; root of factory hierarchy
2015-03-07 19:29:21 INFO  AnnotationSessionFactoryBean:777 - Building new Hibernate SessionFactory
2015-03-07 19:29:22 INFO  RequestMappingHandlerMapping:190 - Mapped "{[/],methods=[],params=[],headers=[],consumes=[],produces=[],custom=[]}" onto public org.springframework.web.servlet.ModelAndView com.ep360.controllers.VoyageMaster.getHomePage()
2015-03-07 19:29:22 INFO  RequestMappingHandlerMapping:190 - Mapped "{[/voyHeader],methods=[GET],params=[],headers=[],consumes=[],produces=[],custom=[]}" onto public java.util.List<com.ep360.data.models.VoyHeader> com.ep360.controllers.VoyageMaster.getVoyageHeaderData()
2015-03-07 19:29:22 INFO  RequestMappingHandlerMapping:190 - Mapped "{[/vesselMaster],methods=[GET],params=[],headers=[],consumes=[],produces=[],custom=[]}" onto public java.util.List<com.ep360.data.models.VesselMaster> com.ep360.controllers.VoyageMaster.getVoyageMasterData()
2015-03-07 19:29:23 INFO  SimpleUrlHandlerMapping:314 - Mapped URL path [/static/**] onto handler 'org.springframework.web.servlet.resource.ResourceHttpRequestHandler#0'
2015-03-07 19:29:23 INFO  ContextLoader:302 - Root WebApplicationContext: initialization completed in 4468 ms
2015-03-07 19:29:23 INFO  DispatcherServlet:444 - FrameworkServlet 'dispatcher': initialization started
2015-03-07 19:29:23 INFO  XmlWebApplicationContext:495 - Refreshing WebApplicationContext for namespace 'dispatcher-servlet': startup date [Sat Mar 07 19:29:23 GST 2015]; parent: Root WebApplicationContext
2015-03-07 19:29:23 INFO  XmlBeanDefinitionReader:315 - Loading XML bean definitions from class path resource [mvc-context.xml]
2015-03-07 19:29:23 INFO  PropertySourcesPlaceholderConfigurer:177 - Loading properties file from class path resource [application.properties]
2015-03-07 19:29:23 INFO  PropertySourcesPlaceholderConfigurer:177 - Loading properties file from class path resource [db.config.properties]
2015-03-07 19:29:23 INFO  PropertySourcesPlaceholderConfigurer:177 - Loading properties file from class path resource [player.properties]
2015-03-07 19:29:23 INFO  DefaultListableBeanFactory:557 - Pre-instantiating singletons in org.springframework.beans.factory.support.DefaultListableBeanFactory@3ae3a5d0: defining beans [org.springframework.context.annotation.internalConfigurationAnnotationProcessor,org.springframework.context.annotation.internalAutowiredAnnotationProcessor,org.springframework.context.annotation.internalRequiredAnnotationProcessor,org.springframework.context.annotation.internalCommonAnnotationProcessor,org.springframework.context.annotation.internalPersistenceAnnotationProcessor,voyageMaster,dataService,voyageService,org.springframework.context.support.PropertySourcesPlaceholderConfigurer#0,org.springframework.web.servlet.mvc.method.annotation.RequestMappingHandlerMapping#0,org.springframework.format.support.FormattingConversionServiceFactoryBean#0,org.springframework.web.servlet.mvc.method.annotation.RequestMappingHandlerAdapter#0,org.springframework.web.servlet.handler.MappedInterceptor#0,org.springframework.web.servlet.mvc.method.annotation.ExceptionHandlerExceptionResolver#0,org.springframework.web.servlet.mvc.annotation.ResponseStatusExceptionResolver#0,org.springframework.web.servlet.mvc.support.DefaultHandlerExceptionResolver#0,org.springframework.web.servlet.handler.BeanNameUrlHandlerMapping,org.springframework.web.servlet.mvc.HttpRequestHandlerAdapter,org.springframework.web.servlet.mvc.SimpleControllerHandlerAdapter,org.springframework.web.servlet.resource.ResourceHttpRequestHandler#0,org.springframework.web.servlet.handler.SimpleUrlHandlerMapping#0,viewResolver,org.springframework.web.servlet.view.ContentNegotiatingViewResolver#0,org.springframework.context.annotation.ConfigurationClassPostProcessor$ImportAwareBeanPostProcessor#0]; parent: org.springframework.beans.factory.support.DefaultListableBeanFactory@52dec7eb
2015-03-07 19:29:23 INFO  RequestMappingHandlerMapping:190 - Mapped "{[/],methods=[],params=[],headers=[],consumes=[],produces=[],custom=[]}" onto public org.springframework.web.servlet.ModelAndView com.ep360.controllers.VoyageMaster.getHomePage()
2015-03-07 19:29:23 INFO  RequestMappingHandlerMapping:190 - Mapped "{[/voyHeader],methods=[GET],params=[],headers=[],consumes=[],produces=[],custom=[]}" onto public java.util.List<com.ep360.data.models.VoyHeader> com.ep360.controllers.VoyageMaster.getVoyageHeaderData()
2015-03-07 19:29:23 INFO  RequestMappingHandlerMapping:190 - Mapped "{[/vesselMaster],methods=[GET],params=[],headers=[],consumes=[],produces=[],custom=[]}" onto public java.util.List<com.ep360.data.models.VesselMaster> com.ep360.controllers.VoyageMaster.getVoyageMasterData()
2015-03-07 19:29:24 INFO  SimpleUrlHandlerMapping:314 - Mapped URL path [/static/**] onto handler 'org.springframework.web.servlet.resource.ResourceHttpRequestHandler#0'
2015-03-07 19:29:24 INFO  DispatcherServlet:463 - FrameworkServlet 'dispatcher': initialization completed in 308 ms
2015-03-07 19:30:25 WARN  PageNotFound:1080 - No mapping found for HTTP request with URI [/voyage/images/graph.jpg] in DispatcherServlet with name 'dispatcher'
2015-03-07 19:31:51 WARN  PageNotFound:1080 - No mapping found for HTTP request with URI [/voyage/images/graph.jpg] in DispatcherServlet with name 'dispatcher'
2015-03-07 19:31:57 WARN  PageNotFound:1080 - No mapping found for HTTP request with URI [/voyage/images/graph.jpg] in DispatcherServlet with name 'dispatcher'
2015-03-07 19:31:57 WARN  PageNotFound:1080 - No mapping found for HTTP request with URI [/voyage/images/graph.jpg] in DispatcherServlet with name 'dispatcher'
2015-03-07 19:32:48 WARN  PageNotFound:1080 - No mapping found for HTTP request with URI [/voyage/images/graph.jpg] in DispatcherServlet with name 'dispatcher'
2015-03-07 19:34:09 WARN  PageNotFound:1080 - No mapping found for HTTP request with URI [/voyage/images/graph.jpg] in DispatcherServlet with name 'dispatcher'
2015-03-07 19:40:58 INFO  ContextLoader:273 - Root WebApplicationContext: initialization started
2015-03-07 19:40:58 INFO  XmlWebApplicationContext:495 - Refreshing Root WebApplicationContext: startup date [Sat Mar 07 19:40:58 GST 2015]; root of context hierarchy
2015-03-07 19:40:58 INFO  XmlBeanDefinitionReader:315 - Loading XML bean definitions from file [C:\Users\dolly\workspace1\voyage\target\classes\db.xml]
2015-03-07 19:40:58 INFO  XmlBeanDefinitionReader:315 - Loading XML bean definitions from file [C:\Users\dolly\workspace1\voyage\target\classes\mvc-context.xml]
2015-03-07 19:40:59 INFO  PropertySourcesPlaceholderConfigurer:177 - Loading properties file from class path resource [application.properties]
2015-03-07 19:40:59 INFO  PropertySourcesPlaceholderConfigurer:177 - Loading properties file from class path resource [db.config.properties]
2015-03-07 19:40:59 INFO  PropertySourcesPlaceholderConfigurer:177 - Loading properties file from class path resource [player.properties]
2015-03-07 19:40:59 INFO  DefaultListableBeanFactory:557 - Pre-instantiating singletons in org.springframework.beans.factory.support.DefaultListableBeanFactory@730d4fcf: defining beans [dataSource,sessionFactory,hibernateTemplate,org.springframework.context.annotation.internalConfigurationAnnotationProcessor,org.springframework.context.annotation.internalAutowiredAnnotationProcessor,org.springframework.context.annotation.internalRequiredAnnotationProcessor,org.springframework.context.annotation.internalCommonAnnotationProcessor,org.springframework.context.annotation.internalPersistenceAnnotationProcessor,voyageMaster,dataService,voyageService,org.springframework.context.support.PropertySourcesPlaceholderConfigurer#0,org.springframework.web.servlet.mvc.method.annotation.RequestMappingHandlerMapping#0,org.springframework.format.support.FormattingConversionServiceFactoryBean#0,org.springframework.web.servlet.mvc.method.annotation.RequestMappingHandlerAdapter#0,org.springframework.web.servlet.handler.MappedInterceptor#0,org.springframework.web.servlet.mvc.method.annotation.ExceptionHandlerExceptionResolver#0,org.springframework.web.servlet.mvc.annotation.ResponseStatusExceptionResolver#0,org.springframework.web.servlet.mvc.support.DefaultHandlerExceptionResolver#0,org.springframework.web.servlet.handler.BeanNameUrlHandlerMapping,org.springframework.web.servlet.mvc.HttpRequestHandlerAdapter,org.springframework.web.servlet.mvc.SimpleControllerHandlerAdapter,org.springframework.web.servlet.resource.ResourceHttpRequestHandler#0,org.springframework.web.servlet.handler.SimpleUrlHandlerMapping#0,viewResolver,org.springframework.web.servlet.view.ContentNegotiatingViewResolver#0,org.springframework.context.annotation.ConfigurationClassPostProcessor$ImportAwareBeanPostProcessor#0]; root of factory hierarchy
2015-03-07 19:41:00 INFO  AnnotationSessionFactoryBean:777 - Building new Hibernate SessionFactory
2015-03-07 19:41:01 INFO  RequestMappingHandlerMapping:190 - Mapped "{[/],methods=[],params=[],headers=[],consumes=[],produces=[],custom=[]}" onto public org.springframework.web.servlet.ModelAndView com.ep360.controllers.VoyageMaster.getHomePage()
2015-03-07 19:41:01 INFO  RequestMappingHandlerMapping:190 - Mapped "{[/voyHeader],methods=[GET],params=[],headers=[],consumes=[],produces=[],custom=[]}" onto public java.util.List<com.ep360.data.models.VoyHeader> com.ep360.controllers.VoyageMaster.getVoyageHeaderData()
2015-03-07 19:41:01 INFO  RequestMappingHandlerMapping:190 - Mapped "{[/vesselMaster],methods=[GET],params=[],headers=[],consumes=[],produces=[],custom=[]}" onto public java.util.List<com.ep360.data.models.VesselMaster> com.ep360.controllers.VoyageMaster.getVoyageMasterData()
2015-03-07 19:41:02 INFO  SimpleUrlHandlerMapping:314 - Mapped URL path [/static/**] onto handler 'org.springframework.web.servlet.resource.ResourceHttpRequestHandler#0'
2015-03-07 19:41:02 INFO  ContextLoader:302 - Root WebApplicationContext: initialization completed in 3974 ms
2015-03-07 19:41:02 INFO  DispatcherServlet:444 - FrameworkServlet 'dispatcher': initialization started
2015-03-07 19:41:02 INFO  XmlWebApplicationContext:495 - Refreshing WebApplicationContext for namespace 'dispatcher-servlet': startup date [Sat Mar 07 19:41:02 GST 2015]; parent: Root WebApplicationContext
2015-03-07 19:41:02 INFO  XmlBeanDefinitionReader:315 - Loading XML bean definitions from class path resource [mvc-context.xml]
2015-03-07 19:41:02 INFO  PropertySourcesPlaceholderConfigurer:177 - Loading properties file from class path resource [application.properties]
2015-03-07 19:41:02 INFO  PropertySourcesPlaceholderConfigurer:177 - Loading properties file from class path resource [db.config.properties]
2015-03-07 19:41:02 INFO  PropertySourcesPlaceholderConfigurer:177 - Loading properties file from class path resource [player.properties]
2015-03-07 19:41:02 INFO  DefaultListableBeanFactory:557 - Pre-instantiating singletons in org.springframework.beans.factory.support.DefaultListableBeanFactory@4287f900: defining beans [org.springframework.context.annotation.internalConfigurationAnnotationProcessor,org.springframework.context.annotation.internalAutowiredAnnotationProcessor,org.springframework.context.annotation.internalRequiredAnnotationProcessor,org.springframework.context.annotation.internalCommonAnnotationProcessor,org.springframework.context.annotation.internalPersistenceAnnotationProcessor,voyageMaster,dataService,voyageService,org.springframework.context.support.PropertySourcesPlaceholderConfigurer#0,org.springframework.web.servlet.mvc.method.annotation.RequestMappingHandlerMapping#0,org.springframework.format.support.FormattingConversionServiceFactoryBean#0,org.springframework.web.servlet.mvc.method.annotation.RequestMappingHandlerAdapter#0,org.springframework.web.servlet.handler.MappedInterceptor#0,org.springframework.web.servlet.mvc.method.annotation.ExceptionHandlerExceptionResolver#0,org.springframework.web.servlet.mvc.annotation.ResponseStatusExceptionResolver#0,org.springframework.web.servlet.mvc.support.DefaultHandlerExceptionResolver#0,org.springframework.web.servlet.handler.BeanNameUrlHandlerMapping,org.springframework.web.servlet.mvc.HttpRequestHandlerAdapter,org.springframework.web.servlet.mvc.SimpleControllerHandlerAdapter,org.springframework.web.servlet.resource.ResourceHttpRequestHandler#0,org.springframework.web.servlet.handler.SimpleUrlHandlerMapping#0,viewResolver,org.springframework.web.servlet.view.ContentNegotiatingViewResolver#0,org.springframework.context.annotation.ConfigurationClassPostProcessor$ImportAwareBeanPostProcessor#0]; parent: org.springframework.beans.factory.support.DefaultListableBeanFactory@730d4fcf
2015-03-07 19:41:02 INFO  RequestMappingHandlerMapping:190 - Mapped "{[/],methods=[],params=[],headers=[],consumes=[],produces=[],custom=[]}" onto public org.springframework.web.servlet.ModelAndView com.ep360.controllers.VoyageMaster.getHomePage()
2015-03-07 19:41:02 INFO  RequestMappingHandlerMapping:190 - Mapped "{[/voyHeader],methods=[GET],params=[],headers=[],consumes=[],produces=[],custom=[]}" onto public java.util.List<com.ep360.data.models.VoyHeader> com.ep360.controllers.VoyageMaster.getVoyageHeaderData()
2015-03-07 19:41:02 INFO  RequestMappingHandlerMapping:190 - Mapped "{[/vesselMaster],methods=[GET],params=[],headers=[],consumes=[],produces=[],custom=[]}" onto public java.util.List<com.ep360.data.models.VesselMaster> com.ep360.controllers.VoyageMaster.getVoyageMasterData()
2015-03-07 19:41:02 INFO  SimpleUrlHandlerMapping:314 - Mapped URL path [/static/**] onto handler 'org.springframework.web.servlet.resource.ResourceHttpRequestHandler#0'
2015-03-07 19:41:03 INFO  DispatcherServlet:463 - FrameworkServlet 'dispatcher': initialization completed in 264 ms
2015-03-07 19:43:37 INFO  ContextLoader:273 - Root WebApplicationContext: initialization started
2015-03-07 19:43:37 INFO  XmlWebApplicationContext:495 - Refreshing Root WebApplicationContext: startup date [Sat Mar 07 19:43:37 GST 2015]; root of context hierarchy
2015-03-07 19:43:37 INFO  XmlBeanDefinitionReader:315 - Loading XML bean definitions from file [C:\Users\dolly\workspace1\voyage\target\classes\db.xml]
2015-03-07 19:43:37 INFO  XmlBeanDefinitionReader:315 - Loading XML bean definitions from file [C:\Users\dolly\workspace1\voyage\target\classes\mvc-context.xml]
2015-03-07 19:43:38 INFO  PropertySourcesPlaceholderConfigurer:177 - Loading properties file from class path resource [application.properties]
2015-03-07 19:43:38 INFO  PropertySourcesPlaceholderConfigurer:177 - Loading properties file from class path resource [db.config.properties]
2015-03-07 19:43:38 INFO  PropertySourcesPlaceholderConfigurer:177 - Loading properties file from class path resource [player.properties]
2015-03-07 19:43:38 INFO  DefaultListableBeanFactory:557 - Pre-instantiating singletons in org.springframework.beans.factory.support.DefaultListableBeanFactory@52dec7eb: defining beans [dataSource,sessionFactory,hibernateTemplate,org.springframework.context.annotation.internalConfigurationAnnotationProcessor,org.springframework.context.annotation.internalAutowiredAnnotationProcessor,org.springframework.context.annotation.internalRequiredAnnotationProcessor,org.springframework.context.annotation.internalCommonAnnotationProcessor,org.springframework.context.annotation.internalPersistenceAnnotationProcessor,voyageMaster,dataService,voyageService,org.springframework.context.support.PropertySourcesPlaceholderConfigurer#0,org.springframework.web.servlet.mvc.method.annotation.RequestMappingHandlerMapping#0,org.springframework.format.support.FormattingConversionServiceFactoryBean#0,org.springframework.web.servlet.mvc.method.annotation.RequestMappingHandlerAdapter#0,org.springframework.web.servlet.handler.MappedInterceptor#0,org.springframework.web.servlet.mvc.method.annotation.ExceptionHandlerExceptionResolver#0,org.springframework.web.servlet.mvc.annotation.ResponseStatusExceptionResolver#0,org.springframework.web.servlet.mvc.support.DefaultHandlerExceptionResolver#0,org.springframework.web.servlet.handler.BeanNameUrlHandlerMapping,org.springframework.web.servlet.mvc.HttpRequestHandlerAdapter,org.springframework.web.servlet.mvc.SimpleControllerHandlerAdapter,org.springframework.web.servlet.resource.ResourceHttpRequestHandler#0,org.springframework.web.servlet.handler.SimpleUrlHandlerMapping#0,viewResolver,org.springframework.web.servlet.view.ContentNegotiatingViewResolver#0,org.springframework.context.annotation.ConfigurationClassPostProcessor$ImportAwareBeanPostProcessor#0]; root of factory hierarchy
2015-03-07 19:43:39 INFO  AnnotationSessionFactoryBean:777 - Building new Hibernate SessionFactory
2015-03-07 19:43:40 INFO  RequestMappingHandlerMapping:190 - Mapped "{[/],methods=[],params=[],headers=[],consumes=[],produces=[],custom=[]}" onto public org.springframework.web.servlet.ModelAndView com.ep360.controllers.VoyageMaster.getHomePage()
2015-03-07 19:43:40 INFO  RequestMappingHandlerMapping:190 - Mapped "{[/voyHeader],methods=[GET],params=[],headers=[],consumes=[],produces=[],custom=[]}" onto public java.util.List<com.ep360.data.models.VoyHeader> com.ep360.controllers.VoyageMaster.getVoyageHeaderData()
2015-03-07 19:43:40 INFO  RequestMappingHandlerMapping:190 - Mapped "{[/vesselMaster],methods=[GET],params=[],headers=[],consumes=[],produces=[],custom=[]}" onto public java.util.List<com.ep360.data.models.VesselMaster> com.ep360.controllers.VoyageMaster.getVoyageMasterData()
2015-03-07 19:43:41 INFO  SimpleUrlHandlerMapping:314 - Mapped URL path [/static/**] onto handler 'org.springframework.web.servlet.resource.ResourceHttpRequestHandler#0'
2015-03-07 19:43:41 INFO  ContextLoader:302 - Root WebApplicationContext: initialization completed in 4493 ms
2015-03-07 19:43:41 INFO  DispatcherServlet:444 - FrameworkServlet 'dispatcher': initialization started
2015-03-07 19:43:41 INFO  XmlWebApplicationContext:495 - Refreshing WebApplicationContext for namespace 'dispatcher-servlet': startup date [Sat Mar 07 19:43:41 GST 2015]; parent: Root WebApplicationContext
2015-03-07 19:43:41 INFO  XmlBeanDefinitionReader:315 - Loading XML bean definitions from class path resource [mvc-context.xml]
2015-03-07 19:43:41 INFO  PropertySourcesPlaceholderConfigurer:177 - Loading properties file from class path resource [application.properties]
2015-03-07 19:43:41 INFO  PropertySourcesPlaceholderConfigurer:177 - Loading properties file from class path resource [db.config.properties]
2015-03-07 19:43:41 INFO  PropertySourcesPlaceholderConfigurer:177 - Loading properties file from class path resource [player.properties]
2015-03-07 19:43:42 INFO  DefaultListableBeanFactory:557 - Pre-instantiating singletons in org.springframework.beans.factory.support.DefaultListableBeanFactory@3ae3a5d0: defining beans [org.springframework.context.annotation.internalConfigurationAnnotationProcessor,org.springframework.context.annotation.internalAutowiredAnnotationProcessor,org.springframework.context.annotation.internalRequiredAnnotationProcessor,org.springframework.context.annotation.internalCommonAnnotationProcessor,org.springframework.context.annotation.internalPersistenceAnnotationProcessor,voyageMaster,dataService,voyageService,org.springframework.context.support.PropertySourcesPlaceholderConfigurer#0,org.springframework.web.servlet.mvc.method.annotation.RequestMappingHandlerMapping#0,org.springframework.format.support.FormattingConversionServiceFactoryBean#0,org.springframework.web.servlet.mvc.method.annotation.RequestMappingHandlerAdapter#0,org.springframework.web.servlet.handler.MappedInterceptor#0,org.springframework.web.servlet.mvc.method.annotation.ExceptionHandlerExceptionResolver#0,org.springframework.web.servlet.mvc.annotation.ResponseStatusExceptionResolver#0,org.springframework.web.servlet.mvc.support.DefaultHandlerExceptionResolver#0,org.springframework.web.servlet.handler.BeanNameUrlHandlerMapping,org.springframework.web.servlet.mvc.HttpRequestHandlerAdapter,org.springframework.web.servlet.mvc.SimpleControllerHandlerAdapter,org.springframework.web.servlet.resource.ResourceHttpRequestHandler#0,org.springframework.web.servlet.handler.SimpleUrlHandlerMapping#0,viewResolver,org.springframework.web.servlet.view.ContentNegotiatingViewResolver#0,org.springframework.context.annotation.ConfigurationClassPostProcessor$ImportAwareBeanPostProcessor#0]; parent: org.springframework.beans.factory.support.DefaultListableBeanFactory@52dec7eb
2015-03-07 19:43:42 INFO  RequestMappingHandlerMapping:190 - Mapped "{[/],methods=[],params=[],headers=[],consumes=[],produces=[],custom=[]}" onto public org.springframework.web.servlet.ModelAndView com.ep360.controllers.VoyageMaster.getHomePage()
2015-03-07 19:43:42 INFO  RequestMappingHandlerMapping:190 - Mapped "{[/voyHeader],methods=[GET],params=[],headers=[],consumes=[],produces=[],custom=[]}" onto public java.util.List<com.ep360.data.models.VoyHeader> com.ep360.controllers.VoyageMaster.getVoyageHeaderData()
2015-03-07 19:43:42 INFO  RequestMappingHandlerMapping:190 - Mapped "{[/vesselMaster],methods=[GET],params=[],headers=[],consumes=[],produces=[],custom=[]}" onto public java.util.List<com.ep360.data.models.VesselMaster> com.ep360.controllers.VoyageMaster.getVoyageMasterData()
2015-03-07 19:43:42 INFO  SimpleUrlHandlerMapping:314 - Mapped URL path [/static/**] onto handler 'org.springframework.web.servlet.resource.ResourceHttpRequestHandler#0'
2015-03-07 19:43:42 INFO  DispatcherServlet:463 - FrameworkServlet 'dispatcher': initialization completed in 269 ms
2015-03-07 20:06:17 WARN  PageNotFound:1080 - No mapping found for HTTP request with URI [/voyage/voyMaster] in DispatcherServlet with name 'dispatcher'
2015-03-07 20:06:21 WARN  PageNotFound:1080 - No mapping found for HTTP request with URI [/voyage/voyMaster] in DispatcherServlet with name 'dispatcher'
2015-03-07 20:15:56 INFO  ContextLoader:273 - Root WebApplicationContext: initialization started
2015-03-07 20:15:56 INFO  XmlWebApplicationContext:495 - Refreshing Root WebApplicationContext: startup date [Sat Mar 07 20:15:56 GST 2015]; root of context hierarchy
2015-03-07 20:15:56 INFO  XmlBeanDefinitionReader:315 - Loading XML bean definitions from file [C:\Users\dolly\workspace1\voyage\target\classes\db.xml]
2015-03-07 20:15:56 INFO  XmlBeanDefinitionReader:315 - Loading XML bean definitions from file [C:\Users\dolly\workspace1\voyage\target\classes\mvc-context.xml]
2015-03-07 20:15:57 INFO  PropertySourcesPlaceholderConfigurer:177 - Loading properties file from class path resource [application.properties]
2015-03-07 20:15:57 INFO  PropertySourcesPlaceholderConfigurer:177 - Loading properties file from class path resource [db.config.properties]
2015-03-07 20:15:57 INFO  PropertySourcesPlaceholderConfigurer:177 - Loading properties file from class path resource [player.properties]
2015-03-07 20:15:57 INFO  DefaultListableBeanFactory:557 - Pre-instantiating singletons in org.springframework.beans.factory.support.DefaultListableBeanFactory@4e7493ae: defining beans [dataSource,sessionFactory,hibernateTemplate,org.springframework.context.annotation.internalConfigurationAnnotationProcessor,org.springframework.context.annotation.internalAutowiredAnnotationProcessor,org.springframework.context.annotation.internalRequiredAnnotationProcessor,org.springframework.context.annotation.internalCommonAnnotationProcessor,org.springframework.context.annotation.internalPersistenceAnnotationProcessor,voyageMaster,dataService,voyageService,org.springframework.context.support.PropertySourcesPlaceholderConfigurer#0,org.springframework.web.servlet.mvc.method.annotation.RequestMappingHandlerMapping#0,org.springframework.format.support.FormattingConversionServiceFactoryBean#0,org.springframework.web.servlet.mvc.method.annotation.RequestMappingHandlerAdapter#0,org.springframework.web.servlet.handler.MappedInterceptor#0,org.springframework.web.servlet.mvc.method.annotation.ExceptionHandlerExceptionResolver#0,org.springframework.web.servlet.mvc.annotation.ResponseStatusExceptionResolver#0,org.springframework.web.servlet.mvc.support.DefaultHandlerExceptionResolver#0,org.springframework.web.servlet.handler.BeanNameUrlHandlerMapping,org.springframework.web.servlet.mvc.HttpRequestHandlerAdapter,org.springframework.web.servlet.mvc.SimpleControllerHandlerAdapter,org.springframework.web.servlet.resource.ResourceHttpRequestHandler#0,org.springframework.web.servlet.handler.SimpleUrlHandlerMapping#0,viewResolver,org.springframework.web.servlet.view.ContentNegotiatingViewResolver#0,org.springframework.context.annotation.ConfigurationClassPostProcessor$ImportAwareBeanPostProcessor#0]; root of factory hierarchy
2015-03-07 20:15:58 INFO  AnnotationSessionFactoryBean:777 - Building new Hibernate SessionFactory
2015-03-07 20:15:58 INFO  RequestMappingHandlerMapping:190 - Mapped "{[/voyHeader],methods=[GET],params=[],headers=[],consumes=[],produces=[],custom=[]}" onto public java.util.List<com.ep360.data.models.VoyHeader> com.ep360.controllers.VoyageMaster.getVoyageHeaderData()
2015-03-07 20:15:58 INFO  RequestMappingHandlerMapping:190 - Mapped "{[/vesselMaster],methods=[GET],params=[],headers=[],consumes=[],produces=[],custom=[]}" onto public java.util.List<com.ep360.data.models.VesselMaster> com.ep360.controllers.VoyageMaster.getVoyageMasterData()
2015-03-07 20:15:58 INFO  RequestMappingHandlerMapping:190 - Mapped "{[/],methods=[],params=[],headers=[],consumes=[],produces=[],custom=[]}" onto public org.springframework.web.servlet.ModelAndView com.ep360.controllers.VoyageMaster.getHomePage()
2015-03-07 20:16:00 INFO  SimpleUrlHandlerMapping:314 - Mapped URL path [/static/**] onto handler 'org.springframework.web.servlet.resource.ResourceHttpRequestHandler#0'
2015-03-07 20:16:00 INFO  ContextLoader:302 - Root WebApplicationContext: initialization completed in 3846 ms
2015-03-07 20:16:00 INFO  DispatcherServlet:444 - FrameworkServlet 'dispatcher': initialization started
2015-03-07 20:16:00 INFO  XmlWebApplicationContext:495 - Refreshing WebApplicationContext for namespace 'dispatcher-servlet': startup date [Sat Mar 07 20:16:00 GST 2015]; parent: Root WebApplicationContext
2015-03-07 20:16:00 INFO  XmlBeanDefinitionReader:315 - Loading XML bean definitions from class path resource [mvc-context.xml]
2015-03-07 20:16:00 INFO  PropertySourcesPlaceholderConfigurer:177 - Loading properties file from class path resource [application.properties]
2015-03-07 20:16:00 INFO  PropertySourcesPlaceholderConfigurer:177 - Loading properties file from class path resource [db.config.properties]
2015-03-07 20:16:00 INFO  PropertySourcesPlaceholderConfigurer:177 - Loading properties file from class path resource [player.properties]
2015-03-07 20:16:00 INFO  DefaultListableBeanFactory:557 - Pre-instantiating singletons in org.springframework.beans.factory.support.DefaultListableBeanFactory@254acc8e: defining beans [org.springframework.context.annotation.internalConfigurationAnnotationProcessor,org.springframework.context.annotation.internalAutowiredAnnotationProcessor,org.springframework.context.annotation.internalRequiredAnnotationProcessor,org.springframework.context.annotation.internalCommonAnnotationProcessor,org.springframework.context.annotation.internalPersistenceAnnotationProcessor,voyageMaster,dataService,voyageService,org.springframework.context.support.PropertySourcesPlaceholderConfigurer#0,org.springframework.web.servlet.mvc.method.annotation.RequestMappingHandlerMapping#0,org.springframework.format.support.FormattingConversionServiceFactoryBean#0,org.springframework.web.servlet.mvc.method.annotation.RequestMappingHandlerAdapter#0,org.springframework.web.servlet.handler.MappedInterceptor#0,org.springframework.web.servlet.mvc.method.annotation.ExceptionHandlerExceptionResolver#0,org.springframework.web.servlet.mvc.annotation.ResponseStatusExceptionResolver#0,org.springframework.web.servlet.mvc.support.DefaultHandlerExceptionResolver#0,org.springframework.web.servlet.handler.BeanNameUrlHandlerMapping,org.springframework.web.servlet.mvc.HttpRequestHandlerAdapter,org.springframework.web.servlet.mvc.SimpleControllerHandlerAdapter,org.springframework.web.servlet.resource.ResourceHttpRequestHandler#0,org.springframework.web.servlet.handler.SimpleUrlHandlerMapping#0,viewResolver,org.springframework.web.servlet.view.ContentNegotiatingViewResolver#0,org.springframework.context.annotation.ConfigurationClassPostProcessor$ImportAwareBeanPostProcessor#0]; parent: org.springframework.beans.factory.support.DefaultListableBeanFactory@4e7493ae
2015-03-07 20:16:00 INFO  RequestMappingHandlerMapping:190 - Mapped "{[/voyHeader],methods=[GET],params=[],headers=[],consumes=[],produces=[],custom=[]}" onto public java.util.List<com.ep360.data.models.VoyHeader> com.ep360.controllers.VoyageMaster.getVoyageHeaderData()
2015-03-07 20:16:00 INFO  RequestMappingHandlerMapping:190 - Mapped "{[/vesselMaster],methods=[GET],params=[],headers=[],consumes=[],produces=[],custom=[]}" onto public java.util.List<com.ep360.data.models.VesselMaster> com.ep360.controllers.VoyageMaster.getVoyageMasterData()
2015-03-07 20:16:00 INFO  RequestMappingHandlerMapping:190 - Mapped "{[/],methods=[],params=[],headers=[],consumes=[],produces=[],custom=[]}" onto public org.springframework.web.servlet.ModelAndView com.ep360.controllers.VoyageMaster.getHomePage()
2015-03-07 20:16:00 INFO  SimpleUrlHandlerMapping:314 - Mapped URL path [/static/**] onto handler 'org.springframework.web.servlet.resource.ResourceHttpRequestHandler#0'
2015-03-07 20:16:00 INFO  DispatcherServlet:463 - FrameworkServlet 'dispatcher': initialization completed in 364 ms
2015-03-07 20:19:14 INFO  ContextLoader:273 - Root WebApplicationContext: initialization started
2015-03-07 20:19:15 INFO  XmlWebApplicationContext:495 - Refreshing Root WebApplicationContext: startup date [Sat Mar 07 20:19:15 GST 2015]; root of context hierarchy
2015-03-07 20:19:15 INFO  XmlBeanDefinitionReader:315 - Loading XML bean definitions from file [C:\Users\dolly\workspace1\voyage\target\classes\db.xml]
2015-03-07 20:19:15 INFO  XmlBeanDefinitionReader:315 - Loading XML bean definitions from file [C:\Users\dolly\workspace1\voyage\target\classes\mvc-context.xml]
2015-03-07 20:19:16 INFO  PropertySourcesPlaceholderConfigurer:177 - Loading properties file from class path resource [application.properties]
2015-03-07 20:19:16 INFO  PropertySourcesPlaceholderConfigurer:177 - Loading properties file from class path resource [db.config.properties]
2015-03-07 20:19:16 INFO  PropertySourcesPlaceholderConfigurer:177 - Loading properties file from class path resource [player.properties]
2015-03-07 20:19:16 INFO  DefaultListableBeanFactory:557 - Pre-instantiating singletons in org.springframework.beans.factory.support.DefaultListableBeanFactory@77b62fcd: defining beans [dataSource,sessionFactory,hibernateTemplate,org.springframework.context.annotation.internalConfigurationAnnotationProcessor,org.springframework.context.annotation.internalAutowiredAnnotationProcessor,org.springframework.context.annotation.internalRequiredAnnotationProcessor,org.springframework.context.annotation.internalCommonAnnotationProcessor,org.springframework.context.annotation.internalPersistenceAnnotationProcessor,voyageMaster,dataService,voyageService,org.springframework.context.support.PropertySourcesPlaceholderConfigurer#0,org.springframework.web.servlet.mvc.method.annotation.RequestMappingHandlerMapping#0,org.springframework.format.support.FormattingConversionServiceFactoryBean#0,org.springframework.web.servlet.mvc.method.annotation.RequestMappingHandlerAdapter#0,org.springframework.web.servlet.handler.MappedInterceptor#0,org.springframework.web.servlet.mvc.method.annotation.ExceptionHandlerExceptionResolver#0,org.springframework.web.servlet.mvc.annotation.ResponseStatusExceptionResolver#0,org.springframework.web.servlet.mvc.support.DefaultHandlerExceptionResolver#0,org.springframework.web.servlet.handler.BeanNameUrlHandlerMapping,org.springframework.web.servlet.mvc.HttpRequestHandlerAdapter,org.springframework.web.servlet.mvc.SimpleControllerHandlerAdapter,org.springframework.web.servlet.resource.ResourceHttpRequestHandler#0,org.springframework.web.servlet.handler.SimpleUrlHandlerMapping#0,viewResolver,org.springframework.web.servlet.view.ContentNegotiatingViewResolver#0,org.springframework.context.annotation.ConfigurationClassPostProcessor$ImportAwareBeanPostProcessor#0]; root of factory hierarchy
2015-03-07 20:19:17 INFO  AnnotationSessionFactoryBean:777 - Building new Hibernate SessionFactory
2015-03-07 20:19:19 INFO  RequestMappingHandlerMapping:190 - Mapped "{[/],methods=[],params=[],headers=[],consumes=[],produces=[],custom=[]}" onto public org.springframework.web.servlet.ModelAndView com.ep360.controllers.VoyageMaster.getHomePage()
2015-03-07 20:19:19 INFO  RequestMappingHandlerMapping:190 - Mapped "{[/voyHeader],methods=[GET],params=[],headers=[],consumes=[],produces=[],custom=[]}" onto public java.util.List<com.ep360.data.models.VoyHeader> com.ep360.controllers.VoyageMaster.getVoyageHeaderData()
2015-03-07 20:19:19 INFO  RequestMappingHandlerMapping:190 - Mapped "{[/vesselMaster],methods=[GET],params=[],headers=[],consumes=[],produces=[],custom=[]}" onto public java.util.List<com.ep360.data.models.VesselMaster> com.ep360.controllers.VoyageMaster.getVoyageMasterData()
2015-03-07 20:19:20 INFO  SimpleUrlHandlerMapping:314 - Mapped URL path [/static/**] onto handler 'org.springframework.web.servlet.resource.ResourceHttpRequestHandler#0'
2015-03-07 20:19:20 INFO  ContextLoader:302 - Root WebApplicationContext: initialization completed in 5888 ms
2015-03-07 20:19:21 INFO  DispatcherServlet:444 - FrameworkServlet 'dispatcher': initialization started
2015-03-07 20:19:21 INFO  XmlWebApplicationContext:495 - Refreshing WebApplicationContext for namespace 'dispatcher-servlet': startup date [Sat Mar 07 20:19:21 GST 2015]; parent: Root WebApplicationContext
2015-03-07 20:19:21 INFO  XmlBeanDefinitionReader:315 - Loading XML bean definitions from class path resource [mvc-context.xml]
2015-03-07 20:19:21 INFO  PropertySourcesPlaceholderConfigurer:177 - Loading properties file from class path resource [application.properties]
2015-03-07 20:19:21 INFO  PropertySourcesPlaceholderConfigurer:177 - Loading properties file from class path resource [db.config.properties]
2015-03-07 20:19:21 INFO  PropertySourcesPlaceholderConfigurer:177 - Loading properties file from class path resource [player.properties]
2015-03-07 20:19:21 INFO  DefaultListableBeanFactory:557 - Pre-instantiating singletons in org.springframework.beans.factory.support.DefaultListableBeanFactory@6b2cb048: defining beans [org.springframework.context.annotation.internalConfigurationAnnotationProcessor,org.springframework.context.annotation.internalAutowiredAnnotationProcessor,org.springframework.context.annotation.internalRequiredAnnotationProcessor,org.springframework.context.annotation.internalCommonAnnotationProcessor,org.springframework.context.annotation.internalPersistenceAnnotationProcessor,voyageMaster,dataService,voyageService,org.springframework.context.support.PropertySourcesPlaceholderConfigurer#0,org.springframework.web.servlet.mvc.method.annotation.RequestMappingHandlerMapping#0,org.springframework.format.support.FormattingConversionServiceFactoryBean#0,org.springframework.web.servlet.mvc.method.annotation.RequestMappingHandlerAdapter#0,org.springframework.web.servlet.handler.MappedInterceptor#0,org.springframework.web.servlet.mvc.method.annotation.ExceptionHandlerExceptionResolver#0,org.springframework.web.servlet.mvc.annotation.ResponseStatusExceptionResolver#0,org.springframework.web.servlet.mvc.support.DefaultHandlerExceptionResolver#0,org.springframework.web.servlet.handler.BeanNameUrlHandlerMapping,org.springframework.web.servlet.mvc.HttpRequestHandlerAdapter,org.springframework.web.servlet.mvc.SimpleControllerHandlerAdapter,org.springframework.web.servlet.resource.ResourceHttpRequestHandler#0,org.springframework.web.servlet.handler.SimpleUrlHandlerMapping#0,viewResolver,org.springframework.web.servlet.view.ContentNegotiatingViewResolver#0,org.springframework.context.annotation.ConfigurationClassPostProcessor$ImportAwareBeanPostProcessor#0]; parent: org.springframework.beans.factory.support.DefaultListableBeanFactory@77b62fcd
2015-03-07 20:19:21 INFO  RequestMappingHandlerMapping:190 - Mapped "{[/],methods=[],params=[],headers=[],consumes=[],produces=[],custom=[]}" onto public org.springframework.web.servlet.ModelAndView com.ep360.controllers.VoyageMaster.getHomePage()
2015-03-07 20:19:21 INFO  RequestMappingHandlerMapping:190 - Mapped "{[/voyHeader],methods=[GET],params=[],headers=[],consumes=[],produces=[],custom=[]}" onto public java.util.List<com.ep360.data.models.VoyHeader> com.ep360.controllers.VoyageMaster.getVoyageHeaderData()
2015-03-07 20:19:21 INFO  RequestMappingHandlerMapping:190 - Mapped "{[/vesselMaster],methods=[GET],params=[],headers=[],consumes=[],produces=[],custom=[]}" onto public java.util.List<com.ep360.data.models.VesselMaster> com.ep360.controllers.VoyageMaster.getVoyageMasterData()
2015-03-07 20:19:21 INFO  SimpleUrlHandlerMapping:314 - Mapped URL path [/static/**] onto handler 'org.springframework.web.servlet.resource.ResourceHttpRequestHandler#0'
2015-03-07 20:19:21 INFO  DispatcherServlet:463 - FrameworkServlet 'dispatcher': initialization completed in 674 ms
2015-03-07 21:44:06 INFO  ContextLoader:273 - Root WebApplicationContext: initialization started
2015-03-07 21:44:06 INFO  XmlWebApplicationContext:495 - Refreshing Root WebApplicationContext: startup date [Sat Mar 07 21:44:06 GST 2015]; root of context hierarchy
2015-03-07 21:44:06 INFO  XmlBeanDefinitionReader:315 - Loading XML bean definitions from file [C:\Users\dolly\workspace1\voyage\target\classes\db.xml]
2015-03-07 21:44:06 INFO  XmlBeanDefinitionReader:315 - Loading XML bean definitions from file [C:\Users\dolly\workspace1\voyage\target\classes\mvc-context.xml]
2015-03-07 21:44:06 INFO  PropertySourcesPlaceholderConfigurer:177 - Loading properties file from class path resource [application.properties]
2015-03-07 21:44:06 INFO  PropertySourcesPlaceholderConfigurer:177 - Loading properties file from class path resource [db.config.properties]
2015-03-07 21:44:06 INFO  PropertySourcesPlaceholderConfigurer:177 - Loading properties file from class path resource [player.properties]
2015-03-07 21:44:06 INFO  DefaultListableBeanFactory:557 - Pre-instantiating singletons in org.springframework.beans.factory.support.DefaultListableBeanFactory@4e7493ae: defining beans [dataSource,sessionFactory,hibernateTemplate,org.springframework.context.annotation.internalConfigurationAnnotationProcessor,org.springframework.context.annotation.internalAutowiredAnnotationProcessor,org.springframework.context.annotation.internalRequiredAnnotationProcessor,org.springframework.context.annotation.internalCommonAnnotationProcessor,org.springframework.context.annotation.internalPersistenceAnnotationProcessor,voyageMaster,dataService,voyageService,org.springframework.context.support.PropertySourcesPlaceholderConfigurer#0,org.springframework.web.servlet.mvc.method.annotation.RequestMappingHandlerMapping#0,org.springframework.format.support.FormattingConversionServiceFactoryBean#0,org.springframework.web.servlet.mvc.method.annotation.RequestMappingHandlerAdapter#0,org.springframework.web.servlet.handler.MappedInterceptor#0,org.springframework.web.servlet.mvc.method.annotation.ExceptionHandlerExceptionResolver#0,org.springframework.web.servlet.mvc.annotation.ResponseStatusExceptionResolver#0,org.springframework.web.servlet.mvc.support.DefaultHandlerExceptionResolver#0,org.springframework.web.servlet.handler.BeanNameUrlHandlerMapping,org.springframework.web.servlet.mvc.HttpRequestHandlerAdapter,org.springframework.web.servlet.mvc.SimpleControllerHandlerAdapter,org.springframework.web.servlet.resource.ResourceHttpRequestHandler#0,org.springframework.web.servlet.handler.SimpleUrlHandlerMapping#0,viewResolver,org.springframework.web.servlet.view.ContentNegotiatingViewResolver#0,org.springframework.context.annotation.ConfigurationClassPostProcessor$ImportAwareBeanPostProcessor#0]; root of factory hierarchy
2015-03-07 21:44:07 INFO  AnnotationSessionFactoryBean:777 - Building new Hibernate SessionFactory
2015-03-07 21:44:08 INFO  RequestMappingHandlerMapping:190 - Mapped "{[/voyHeader],methods=[GET],params=[],headers=[],consumes=[],produces=[],custom=[]}" onto public java.util.List<com.ep360.data.models.VoyHeader> com.ep360.controllers.VoyageMaster.getVoyageHeaderData()
2015-03-07 21:44:08 INFO  RequestMappingHandlerMapping:190 - Mapped "{[/vesselMaster],methods=[GET],params=[],headers=[],consumes=[],produces=[],custom=[]}" onto public java.util.List<com.ep360.data.models.VesselMaster> com.ep360.controllers.VoyageMaster.getVoyageMasterData()
2015-03-07 21:44:08 INFO  RequestMappingHandlerMapping:190 - Mapped "{[/],methods=[],params=[],headers=[],consumes=[],produces=[],custom=[]}" onto public org.springframework.web.servlet.ModelAndView com.ep360.controllers.VoyageMaster.getHomePage()
2015-03-07 21:44:09 INFO  SimpleUrlHandlerMapping:314 - Mapped URL path [/static/**] onto handler 'org.springframework.web.servlet.resource.ResourceHttpRequestHandler#0'
2015-03-07 21:44:09 INFO  ContextLoader:302 - Root WebApplicationContext: initialization completed in 3574 ms
2015-03-07 21:44:09 INFO  DispatcherServlet:444 - FrameworkServlet 'dispatcher': initialization started
2015-03-07 21:44:09 INFO  XmlWebApplicationContext:495 - Refreshing WebApplicationContext for namespace 'dispatcher-servlet': startup date [Sat Mar 07 21:44:09 GST 2015]; parent: Root WebApplicationContext
2015-03-07 21:44:09 INFO  XmlBeanDefinitionReader:315 - Loading XML bean definitions from class path resource [mvc-context.xml]
2015-03-07 21:44:09 INFO  PropertySourcesPlaceholderConfigurer:177 - Loading properties file from class path resource [application.properties]
2015-03-07 21:44:09 INFO  PropertySourcesPlaceholderConfigurer:177 - Loading properties file from class path resource [db.config.properties]
2015-03-07 21:44:09 INFO  PropertySourcesPlaceholderConfigurer:177 - Loading properties file from class path resource [player.properties]
2015-03-07 21:44:09 INFO  DefaultListableBeanFactory:557 - Pre-instantiating singletons in org.springframework.beans.factory.support.DefaultListableBeanFactory@3b2bdbb5: defining beans [org.springframework.context.annotation.internalConfigurationAnnotationProcessor,org.springframework.context.annotation.internalAutowiredAnnotationProcessor,org.springframework.context.annotation.internalRequiredAnnotationProcessor,org.springframework.context.annotation.internalCommonAnnotationProcessor,org.springframework.context.annotation.internalPersistenceAnnotationProcessor,voyageMaster,dataService,voyageService,org.springframework.context.support.PropertySourcesPlaceholderConfigurer#0,org.springframework.web.servlet.mvc.method.annotation.RequestMappingHandlerMapping#0,org.springframework.format.support.FormattingConversionServiceFactoryBean#0,org.springframework.web.servlet.mvc.method.annotation.RequestMappingHandlerAdapter#0,org.springframework.web.servlet.handler.MappedInterceptor#0,org.springframework.web.servlet.mvc.method.annotation.ExceptionHandlerExceptionResolver#0,org.springframework.web.servlet.mvc.annotation.ResponseStatusExceptionResolver#0,org.springframework.web.servlet.mvc.support.DefaultHandlerExceptionResolver#0,org.springframework.web.servlet.handler.BeanNameUrlHandlerMapping,org.springframework.web.servlet.mvc.HttpRequestHandlerAdapter,org.springframework.web.servlet.mvc.SimpleControllerHandlerAdapter,org.springframework.web.servlet.resource.ResourceHttpRequestHandler#0,org.springframework.web.servlet.handler.SimpleUrlHandlerMapping#0,viewResolver,org.springframework.web.servlet.view.ContentNegotiatingViewResolver#0,org.springframework.context.annotation.ConfigurationClassPostProcessor$ImportAwareBeanPostProcessor#0]; parent: org.springframework.beans.factory.support.DefaultListableBeanFactory@4e7493ae
2015-03-07 21:44:09 INFO  RequestMappingHandlerMapping:190 - Mapped "{[/voyHeader],methods=[GET],params=[],headers=[],consumes=[],produces=[],custom=[]}" onto public java.util.List<com.ep360.data.models.VoyHeader> com.ep360.controllers.VoyageMaster.getVoyageHeaderData()
2015-03-07 21:44:09 INFO  RequestMappingHandlerMapping:190 - Mapped "{[/vesselMaster],methods=[GET],params=[],headers=[],consumes=[],produces=[],custom=[]}" onto public java.util.List<com.ep360.data.models.VesselMaster> com.ep360.controllers.VoyageMaster.getVoyageMasterData()
2015-03-07 21:44:09 INFO  RequestMappingHandlerMapping:190 - Mapped "{[/],methods=[],params=[],headers=[],consumes=[],produces=[],custom=[]}" onto public org.springframework.web.servlet.ModelAndView com.ep360.controllers.VoyageMaster.getHomePage()
2015-03-07 21:44:09 INFO  SimpleUrlHandlerMapping:314 - Mapped URL path [/static/**] onto handler 'org.springframework.web.servlet.resource.ResourceHttpRequestHandler#0'
2015-03-07 21:44:10 INFO  DispatcherServlet:463 - FrameworkServlet 'dispatcher': initialization completed in 285 ms
2015-03-08 21:19:37 INFO  ContextLoader:273 - Root WebApplicationContext: initialization started
2015-03-08 21:19:37 INFO  XmlWebApplicationContext:495 - Refreshing Root WebApplicationContext: startup date [Sun Mar 08 21:19:37 GST 2015]; root of context hierarchy
2015-03-08 21:19:37 INFO  XmlBeanDefinitionReader:315 - Loading XML bean definitions from file [C:\Users\dolly\workspace1\voyage\target\classes\db.xml]
2015-03-08 21:19:37 INFO  XmlBeanDefinitionReader:315 - Loading XML bean definitions from file [C:\Users\dolly\workspace1\voyage\target\classes\mvc-context.xml]
2015-03-08 21:19:38 INFO  PropertySourcesPlaceholderConfigurer:177 - Loading properties file from class path resource [application.properties]
2015-03-08 21:19:38 INFO  PropertySourcesPlaceholderConfigurer:177 - Loading properties file from class path resource [db.config.properties]
2015-03-08 21:19:38 INFO  PropertySourcesPlaceholderConfigurer:177 - Loading properties file from class path resource [player.properties]
2015-03-08 21:19:38 INFO  DefaultListableBeanFactory:557 - Pre-instantiating singletons in org.springframework.beans.factory.support.DefaultListableBeanFactory@20173fce: defining beans [dataSource,sessionFactory,hibernateTemplate,org.springframework.context.annotation.internalConfigurationAnnotationProcessor,org.springframework.context.annotation.internalAutowiredAnnotationProcessor,org.springframework.context.annotation.internalRequiredAnnotationProcessor,org.springframework.context.annotation.internalCommonAnnotationProcessor,org.springframework.context.annotation.internalPersistenceAnnotationProcessor,voyageMaster,dataService,voyageService,org.springframework.context.support.PropertySourcesPlaceholderConfigurer#0,org.springframework.web.servlet.mvc.method.annotation.RequestMappingHandlerMapping#0,org.springframework.format.support.FormattingConversionServiceFactoryBean#0,org.springframework.web.servlet.mvc.method.annotation.RequestMappingHandlerAdapter#0,org.springframework.web.servlet.handler.MappedInterceptor#0,org.springframework.web.servlet.mvc.method.annotation.ExceptionHandlerExceptionResolver#0,org.springframework.web.servlet.mvc.annotation.ResponseStatusExceptionResolver#0,org.springframework.web.servlet.mvc.support.DefaultHandlerExceptionResolver#0,org.springframework.web.servlet.handler.BeanNameUrlHandlerMapping,org.springframework.web.servlet.mvc.HttpRequestHandlerAdapter,org.springframework.web.servlet.mvc.SimpleControllerHandlerAdapter,org.springframework.web.servlet.resource.ResourceHttpRequestHandler#0,org.springframework.web.servlet.handler.SimpleUrlHandlerMapping#0,viewResolver,org.springframework.web.servlet.view.ContentNegotiatingViewResolver#0,org.springframework.context.annotation.ConfigurationClassPostProcessor$ImportAwareBeanPostProcessor#0]; root of factory hierarchy
2015-03-08 21:19:38 INFO  AnnotationSessionFactoryBean:777 - Building new Hibernate SessionFactory
2015-03-08 21:19:39 INFO  RequestMappingHandlerMapping:190 - Mapped "{[/],methods=[],params=[],headers=[],consumes=[],produces=[],custom=[]}" onto public org.springframework.web.servlet.ModelAndView com.ep360.controllers.VoyageMaster.getHomePage()
2015-03-08 21:19:39 INFO  RequestMappingHandlerMapping:190 - Mapped "{[/voyHeader],methods=[GET],params=[],headers=[],consumes=[],produces=[],custom=[]}" onto public java.util.List<com.ep360.data.models.VoyHeader> com.ep360.controllers.VoyageMaster.getVoyageHeaderData()
2015-03-08 21:19:39 INFO  RequestMappingHandlerMapping:190 - Mapped "{[/vesselMaster],methods=[GET],params=[],headers=[],consumes=[],produces=[],custom=[]}" onto public java.util.List<com.ep360.data.models.VesselMaster> com.ep360.controllers.VoyageMaster.getVoyageMasterData()
2015-03-08 21:19:40 INFO  SimpleUrlHandlerMapping:314 - Mapped URL path [/static/**] onto handler 'org.springframework.web.servlet.resource.ResourceHttpRequestHandler#0'
2015-03-08 21:19:40 INFO  ContextLoader:302 - Root WebApplicationContext: initialization completed in 3442 ms
2015-03-08 21:19:41 INFO  DispatcherServlet:444 - FrameworkServlet 'dispatcher': initialization started
2015-03-08 21:19:41 INFO  XmlWebApplicationContext:495 - Refreshing WebApplicationContext for namespace 'dispatcher-servlet': startup date [Sun Mar 08 21:19:41 GST 2015]; parent: Root WebApplicationContext
2015-03-08 21:19:41 INFO  XmlBeanDefinitionReader:315 - Loading XML bean definitions from class path resource [mvc-context.xml]
2015-03-08 21:19:41 INFO  PropertySourcesPlaceholderConfigurer:177 - Loading properties file from class path resource [application.properties]
2015-03-08 21:19:41 INFO  PropertySourcesPlaceholderConfigurer:177 - Loading properties file from class path resource [db.config.properties]
2015-03-08 21:19:41 INFO  PropertySourcesPlaceholderConfigurer:177 - Loading properties file from class path resource [player.properties]
2015-03-08 21:19:41 INFO  DefaultListableBeanFactory:557 - Pre-instantiating singletons in org.springframework.beans.factory.support.DefaultListableBeanFactory@14843f81: defining beans [org.springframework.context.annotation.internalConfigurationAnnotationProcessor,org.springframework.context.annotation.internalAutowiredAnnotationProcessor,org.springframework.context.annotation.internalRequiredAnnotationProcessor,org.springframework.context.annotation.internalCommonAnnotationProcessor,org.springframework.context.annotation.internalPersistenceAnnotationProcessor,voyageMaster,dataService,voyageService,org.springframework.context.support.PropertySourcesPlaceholderConfigurer#0,org.springframework.web.servlet.mvc.method.annotation.RequestMappingHandlerMapping#0,org.springframework.format.support.FormattingConversionServiceFactoryBean#0,org.springframework.web.servlet.mvc.method.annotation.RequestMappingHandlerAdapter#0,org.springframework.web.servlet.handler.MappedInterceptor#0,org.springframework.web.servlet.mvc.method.annotation.ExceptionHandlerExceptionResolver#0,org.springframework.web.servlet.mvc.annotation.ResponseStatusExceptionResolver#0,org.springframework.web.servlet.mvc.support.DefaultHandlerExceptionResolver#0,org.springframework.web.servlet.handler.BeanNameUrlHandlerMapping,org.springframework.web.servlet.mvc.HttpRequestHandlerAdapter,org.springframework.web.servlet.mvc.SimpleControllerHandlerAdapter,org.springframework.web.servlet.resource.ResourceHttpRequestHandler#0,org.springframework.web.servlet.handler.SimpleUrlHandlerMapping#0,viewResolver,org.springframework.web.servlet.view.ContentNegotiatingViewResolver#0,org.springframework.context.annotation.ConfigurationClassPostProcessor$ImportAwareBeanPostProcessor#0]; parent: org.springframework.beans.factory.support.DefaultListableBeanFactory@20173fce
2015-03-08 21:19:41 INFO  RequestMappingHandlerMapping:190 - Mapped "{[/],methods=[],params=[],headers=[],consumes=[],produces=[],custom=[]}" onto public org.springframework.web.servlet.ModelAndView com.ep360.controllers.VoyageMaster.getHomePage()
2015-03-08 21:19:41 INFO  RequestMappingHandlerMapping:190 - Mapped "{[/voyHeader],methods=[GET],params=[],headers=[],consumes=[],produces=[],custom=[]}" onto public java.util.List<com.ep360.data.models.VoyHeader> com.ep360.controllers.VoyageMaster.getVoyageHeaderData()
2015-03-08 21:19:41 INFO  RequestMappingHandlerMapping:190 - Mapped "{[/vesselMaster],methods=[GET],params=[],headers=[],consumes=[],produces=[],custom=[]}" onto public java.util.List<com.ep360.data.models.VesselMaster> com.ep360.controllers.VoyageMaster.getVoyageMasterData()
2015-03-08 21:19:41 INFO  SimpleUrlHandlerMapping:314 - Mapped URL path [/static/**] onto handler 'org.springframework.web.servlet.resource.ResourceHttpRequestHandler#0'
2015-03-08 21:19:41 INFO  DispatcherServlet:463 - FrameworkServlet 'dispatcher': initialization completed in 264 ms
